[2023-10-09 01:24:11,918 : INFO : common : yaml file: ..\config\config.yaml loaded successfully]
[2023-10-09 01:24:11,921 : INFO : common : yaml file: ..\params.yaml loaded successfully]
[2023-10-09 01:24:33,977 : INFO : common : yaml file: ..\config\config.yaml loaded successfully]
[2023-10-09 01:24:33,978 : INFO : common : created directory at: artifacts]
[2023-10-09 01:25:21,732 : INFO : common : yaml file: ..\config\config.yaml loaded successfully]
[2023-10-09 01:25:21,733 : INFO : common : created directory at: artifacts]
[2023-10-09 01:25:21,734 : INFO : common : created directory at: artifacts/data_ingestion]
[2023-10-09 01:26:22,685 : INFO : common : yaml file: ..\config\config.yaml loaded successfully]
[2023-10-09 01:26:22,687 : INFO : common : created directory at: artifacts]
[2023-10-09 01:26:22,688 : INFO : common : created directory at: ../artifacts/data_ingestion]
[2023-10-09 01:52:37,335 : INFO : common : yaml file: ..\config\config.yaml loaded successfully]
[2023-10-09 01:52:37,336 : INFO : common : created directory at: artifacts]
[2023-10-09 01:52:37,337 : INFO : common : created directory at: ../artifacts/data_ingestion]
[2023-10-09 01:52:37,640 : INFO : 1256205149 : allandclive/chicken-disease-1 downloaded ! ]
[2023-10-09 01:52:37,641 : INFO : 1256205149 : there is some error while extracting the files]
[2023-10-09 01:55:23,047 : INFO : common : yaml file: ..\config\config.yaml loaded successfully]
[2023-10-09 01:55:23,048 : INFO : common : created directory at: artifacts]
[2023-10-09 01:55:23,049 : INFO : common : created directory at: ../artifacts/data_ingestion]
[2023-10-09 01:55:23,328 : INFO : 1495840635 : allandclive/chicken-disease-1 downloaded ! ]
[2023-10-09 01:55:23,329 : INFO : 1495840635 : there is some error while extracting the files]
[2023-10-09 01:56:39,445 : INFO : common : yaml file: ..\config\config.yaml loaded successfully]
[2023-10-09 01:56:39,446 : INFO : common : created directory at: artifacts]
[2023-10-09 01:56:39,447 : INFO : common : created directory at: ../artifacts/data_ingestion]
[2023-10-09 01:56:39,744 : INFO : 2893484855 : allandclive/chicken-disease-1 downloaded ! ]
[2023-10-09 01:56:39,745 : INFO : 2893484855 : there is some error while extracting the files]
[2023-10-09 02:07:55,182 : INFO : common : yaml file: ..\config\config.yaml loaded successfully]
[2023-10-09 02:07:55,184 : INFO : common : created directory at: artifacts]
[2023-10-09 02:07:55,185 : INFO : common : created directory at: ../artifacts/data_ingestion]
[2023-10-09 02:07:55,485 : INFO : 2893484855 : allandclive/chicken-disease-1 downloaded ! ]
[2023-10-09 02:07:55,487 : INFO : 2893484855 : there is some error while extracting the files]
[2023-10-09 02:10:32,340 : INFO : common : yaml file: ..\config\config.yaml loaded successfully]
[2023-10-09 02:10:32,341 : INFO : common : created directory at: artifacts]
[2023-10-09 02:10:42,787 : INFO : common : created directory at: ../artifacts/data_ingestion]
[2023-10-09 02:11:19,204 : INFO : 2893484855 : allandclive/chicken-disease-1 downloaded ! ]
[2023-10-09 02:13:21,530 : INFO : common : yaml file: ..\config\config.yaml loaded successfully]
[2023-10-09 02:13:21,531 : INFO : common : created directory at: artifacts]
[2023-10-09 02:13:21,532 : INFO : common : created directory at: ../artifacts/data_ingestion]
[2023-10-09 02:13:51,236 : INFO : common : yaml file: ..\config\config.yaml loaded successfully]
[2023-10-09 02:13:51,237 : INFO : common : created directory at: artifacts]
[2023-10-09 02:13:51,238 : INFO : common : created directory at: ../artifacts/data_ingestion]
[2023-10-09 02:15:12,920 : INFO : 1845119559 : allandclive/chicken-disease-1 downloaded ! ]
[2023-10-09 02:15:17,031 : INFO : 1845119559 : file has been successfully exxtracted .]
